<?xml version="1.0" encoding="UTF-8" ?>
<testsuite failures="0" time="21.907" errors="0" skipped="0" tests="9" name="com.condominio.domain.ReclamacaoIntegrationTest">
  <properties>
    <property name="java.runtime.name" value="Java(TM) SE Runtime Environment"/>
    <property name="sun.boot.library.path" value="C:\Arquivos de programas\Java\jdk1.6.0_10\jre\bin"/>
    <property name="java.vm.version" value="11.0-b15"/>
    <property name="java.vm.vendor" value="Sun Microsystems Inc."/>
    <property name="java.vendor.url" value="http://java.sun.com/"/>
    <property name="path.separator" value=";"/>
    <property name="guice.disable.misplaced.annotation.check" value="true"/>
    <property name="java.vm.name" value="Java HotSpot(TM) Client VM"/>
    <property name="file.encoding.pkg" value="sun.io"/>
    <property name="user.country" value="BR"/>
    <property name="sun.java.launcher" value="SUN_STANDARD"/>
    <property name="sun.os.patch.level" value="Service Pack 3"/>
    <property name="java.vm.specification.name" value="Java Virtual Machine Specification"/>
    <property name="user.dir" value="F:\DSC"/>
    <property name="java.runtime.version" value="1.6.0_10-b33"/>
    <property name="java.awt.graphicsenv" value="sun.awt.Win32GraphicsEnvironment"/>
    <property name="java.endorsed.dirs" value="C:\Arquivos de programas\Java\jdk1.6.0_10\jre\lib\endorsed"/>
    <property name="os.arch" value="x86"/>
    <property name="java.io.tmpdir" value="C:\DOCUME~1\Aluno\CONFIG~1\Temp\"/>
    <property name="line.separator" value="
"/>
    <property name="java.vm.specification.vendor" value="Sun Microsystems Inc."/>
    <property name="user.variant" value=""/>
    <property name="os.name" value="Windows XP"/>
    <property name="classworlds.conf" value="C:\Documents and Settings\Aluno\Desktop\apache-maven-3.0.4\bin\..\bin\m2.conf"/>
    <property name="sun.jnu.encoding" value="Cp1252"/>
    <property name="java.library.path" value="C:\Arquivos de programas\Java\jdk1.6.0_10\bin;.;C:\WINDOWS\Sun\Java\bin;C:\WINDOWS\system32;C:\WINDOWS;C:\Arquivos de programas\Arquivos comuns\Borland Shared\BDE\;C:\Arquivos de programas\Borland\BDS\2.0\Bin;C:\WINDOWS\system32;C:\WINDOWS;C:\WINDOWS\System32\Wbem;C:\Arquivos de programas\ATI Technologies\ATI Control Panel;c:\Arquivos de programas\Microsoft SQL Server\90\Tools\binn\;C:\Arquivos de programas\Microsoft SQL Server\80\Tools\Binn\;C:\Arquivos de programas\Microsoft SQL Server\100\Tools\Binn\;C:\Arquivos de programas\Microsoft SQL Server\100\DTS\Binn\;C:\Arquivos de programas\Microsoft SQL Server\100\Tools\Binn\VSShell\Common7\IDE\;C:\Arquivos de programas\Microsoft Visual Studio 9.0\Common7\IDE\PrivateAssemblies\;C:\WINDOWS\system32\WindowsPowerShell\v1.0;C:\Arquivos de programas\TortoiseSVN\bin;C:\Documents and Settings\Aluno\Desktop\spring-roo-1.2.3.RELEASE\bin;C:\Arquivos de programas\Java\jdk1.6.0_10\bin;C:\Documents and Settings\Aluno\Desktop\apache-maven-3.0.4\bin"/>
    <property name="java.specification.name" value="Java Platform API Specification"/>
    <property name="java.class.version" value="50.0"/>
    <property name="sun.management.compiler" value="HotSpot Client Compiler"/>
    <property name="os.version" value="5.1"/>
    <property name="user.home" value="C:\Documents and Settings\Aluno"/>
    <property name="user.timezone" value="GMT-03:00"/>
    <property name="java.awt.printerjob" value="sun.awt.windows.WPrinterJob"/>
    <property name="file.encoding" value="Cp1252"/>
    <property name="java.specification.version" value="1.6"/>
    <property name="user.name" value="Aluno"/>
    <property name="java.class.path" value="C:\Documents and Settings\Aluno\Desktop\apache-maven-3.0.4\bin\..\boot\plexus-classworlds-2.4.jar"/>
    <property name="java.vm.specification.version" value="1.0"/>
    <property name="sun.arch.data.model" value="32"/>
    <property name="java.home" value="C:\Arquivos de programas\Java\jdk1.6.0_10\jre"/>
    <property name="java.specification.vendor" value="Sun Microsystems Inc."/>
    <property name="user.language" value="pt"/>
    <property name="awt.toolkit" value="sun.awt.windows.WToolkit"/>
    <property name="java.vm.info" value="mixed mode, sharing"/>
    <property name="java.version" value="1.6.0_10"/>
    <property name="java.ext.dirs" value="C:\Arquivos de programas\Java\jdk1.6.0_10\jre\lib\ext;C:\WINDOWS\Sun\Java\lib\ext"/>
    <property name="sun.boot.class.path" value="C:\Arquivos de programas\Java\jdk1.6.0_10\jre\lib\resources.jar;C:\Arquivos de programas\Java\jdk1.6.0_10\jre\lib\rt.jar;C:\Arquivos de programas\Java\jdk1.6.0_10\jre\lib\sunrsasign.jar;C:\Arquivos de programas\Java\jdk1.6.0_10\jre\lib\jsse.jar;C:\Arquivos de programas\Java\jdk1.6.0_10\jre\lib\jce.jar;C:\Arquivos de programas\Java\jdk1.6.0_10\jre\lib\charsets.jar;C:\Arquivos de programas\Java\jdk1.6.0_10\jre\classes"/>
    <property name="java.vendor" value="Sun Microsystems Inc."/>
    <property name="maven.home" value="C:\Documents and Settings\Aluno\Desktop\apache-maven-3.0.4\bin\.."/>
    <property name="file.separator" value="\"/>
    <property name="java.vendor.url.bug" value="http://java.sun.com/cgi-bin/bugreport.cgi"/>
    <property name="sun.cpu.endian" value="little"/>
    <property name="sun.io.unicode.encoding" value="UnicodeLittle"/>
    <property name="sun.desktop" value="windows"/>
    <property name="sun.cpu.isalist" value=""/>
  </properties>
  <testcase time="18.704" classname="com.condominio.domain.ReclamacaoIntegrationTest" name="testMarkerMethod"/>
  <testcase time="3.031" classname="com.condominio.domain.ReclamacaoIntegrationTest" name="testCountAllReclamacaos"/>
  <testcase time="0.032" classname="com.condominio.domain.ReclamacaoIntegrationTest" name="testFindReclamacao"/>
  <testcase time="0.031" classname="com.condominio.domain.ReclamacaoIntegrationTest" name="testFindAllReclamacaos"/>
  <testcase time="0.015" classname="com.condominio.domain.ReclamacaoIntegrationTest" name="testFindReclamacaoEntries"/>
  <testcase time="0.032" classname="com.condominio.domain.ReclamacaoIntegrationTest" name="testFlush"/>
  <testcase time="0.031" classname="com.condominio.domain.ReclamacaoIntegrationTest" name="testUpdateReclamacaoUpdate"/>
  <testcase time="0.016" classname="com.condominio.domain.ReclamacaoIntegrationTest" name="testSaveReclamacao"/>
  <testcase time="0.015" classname="com.condominio.domain.ReclamacaoIntegrationTest" name="testDeleteReclamacao"/>
</testsuite>